<?xml version="1.0" encoding="UTF-8"?>
<testsuite xmlns:xsi="http://www.w3.org/2001/XMLSchema-instance" xsi:noNamespaceSchemaLocation="https://maven.apache.org/surefire/maven-surefire-plugin/xsd/surefire-test-report-3.0.xsd" version="3.0" name="edu.examen.marzo2025.persistencia.test.DaoTest" time="4.156" tests="3" errors="0" skipped="0" failures="0">
  <properties>
    <property name="java.specification.version" value="23"/>
    <property name="sun.cpu.isalist" value="amd64"/>
    <property name="sun.jnu.encoding" value="Cp1252"/>
    <property name="java.class.path" value="C:\Users\diego\git\Examen2EvalAD\target\test-classes;C:\Users\diego\git\Examen2EvalAD\target\classes;C:\Users\diego\.m2\repository\junit\junit\4.13.2\junit-4.13.2.jar;C:\Users\diego\.m2\repository\org\hamcrest\hamcrest-core\1.3\hamcrest-core-1.3.jar;C:\Users\diego\.m2\repository\org\hibernate\orm\hibernate-core\6.6.4.Final\hibernate-core-6.6.4.Final.jar;C:\Users\diego\.m2\repository\jakarta\transaction\jakarta.transaction-api\2.0.1\jakarta.transaction-api-2.0.1.jar;C:\Users\diego\.m2\repository\org\jboss\logging\jboss-logging\3.5.0.Final\jboss-logging-3.5.0.Final.jar;C:\Users\diego\.m2\repository\org\hibernate\common\hibernate-commons-annotations\7.0.3.Final\hibernate-commons-annotations-7.0.3.Final.jar;C:\Users\diego\.m2\repository\io\smallrye\jandex\3.2.0\jandex-3.2.0.jar;C:\Users\diego\.m2\repository\com\fasterxml\classmate\1.5.1\classmate-1.5.1.jar;C:\Users\diego\.m2\repository\net\bytebuddy\byte-buddy\1.14.18\byte-buddy-1.14.18.jar;C:\Users\diego\.m2\repository\jakarta\xml\bind\jakarta.xml.bind-api\4.0.0\jakarta.xml.bind-api-4.0.0.jar;C:\Users\diego\.m2\repository\jakarta\activation\jakarta.activation-api\2.1.0\jakarta.activation-api-2.1.0.jar;C:\Users\diego\.m2\repository\org\glassfish\jaxb\jaxb-runtime\4.0.2\jaxb-runtime-4.0.2.jar;C:\Users\diego\.m2\repository\org\glassfish\jaxb\jaxb-core\4.0.2\jaxb-core-4.0.2.jar;C:\Users\diego\.m2\repository\org\eclipse\angus\angus-activation\2.0.0\angus-activation-2.0.0.jar;C:\Users\diego\.m2\repository\org\glassfish\jaxb\txw2\4.0.2\txw2-4.0.2.jar;C:\Users\diego\.m2\repository\com\sun\istack\istack-commons-runtime\4.1.1\istack-commons-runtime-4.1.1.jar;C:\Users\diego\.m2\repository\jakarta\inject\jakarta.inject-api\2.0.1\jakarta.inject-api-2.0.1.jar;C:\Users\diego\.m2\repository\org\antlr\antlr4-runtime\4.13.0\antlr4-runtime-4.13.0.jar;C:\Users\diego\.m2\repository\jakarta\persistence\jakarta.persistence-api\3.1.0\jakarta.persistence-api-3.1.0.jar;C:\Users\diego\.m2\repository\org\apache\logging\log4j\log4j-core\2.17.2\log4j-core-2.17.2.jar;C:\Users\diego\.m2\repository\com\mysql\mysql-connector-j\9.1.0\mysql-connector-j-9.1.0.jar;C:\Users\diego\.m2\repository\com\google\protobuf\protobuf-java\4.26.1\protobuf-java-4.26.1.jar;C:\Users\diego\.m2\repository\org\apache\logging\log4j\log4j-api\2.17.2\log4j-api-2.17.2.jar;C:\Users\diego\.m2\repository\com\fasterxml\jackson\core\jackson-databind\2.18.3\jackson-databind-2.18.3.jar;C:\Users\diego\.m2\repository\com\fasterxml\jackson\core\jackson-annotations\2.18.3\jackson-annotations-2.18.3.jar;C:\Users\diego\.m2\repository\com\fasterxml\jackson\core\jackson-core\2.18.3\jackson-core-2.18.3.jar;"/>
    <property name="java.vm.vendor" value="Eclipse Adoptium"/>
    <property name="sun.arch.data.model" value="64"/>
    <property name="user.variant" value=""/>
    <property name="java.vendor.url" value="https://adoptium.net/"/>
    <property name="user.timezone" value="Europe/Madrid"/>
    <property name="os.name" value="Windows 10"/>
    <property name="java.vm.specification.version" value="23"/>
    <property name="sun.java.launcher" value="SUN_STANDARD"/>
    <property name="user.country" value="ES"/>
    <property name="sun.boot.library.path" value="C:\Users\diego\.p2\pool\plugins\org.eclipse.justj.openjdk.hotspot.jre.full.win32.x86_64_23.0.1.v20241024-1700\jre\bin"/>
    <property name="sun.java.command" value="C:\Users\diego\AppData\Local\Temp\surefire16923083744609565180\surefirebooter-20250310223452284_3.jar C:\Users\diego\AppData\Local\Temp\surefire16923083744609565180 2025-03-10T22-34-52_188-jvmRun1 surefire-20250310223452284_1tmp surefire_0-20250310223452284_2tmp"/>
    <property name="jdk.debug" value="release"/>
    <property name="surefire.test.class.path" value="C:\Users\diego\git\Examen2EvalAD\target\test-classes;C:\Users\diego\git\Examen2EvalAD\target\classes;C:\Users\diego\.m2\repository\junit\junit\4.13.2\junit-4.13.2.jar;C:\Users\diego\.m2\repository\org\hamcrest\hamcrest-core\1.3\hamcrest-core-1.3.jar;C:\Users\diego\.m2\repository\org\hibernate\orm\hibernate-core\6.6.4.Final\hibernate-core-6.6.4.Final.jar;C:\Users\diego\.m2\repository\jakarta\transaction\jakarta.transaction-api\2.0.1\jakarta.transaction-api-2.0.1.jar;C:\Users\diego\.m2\repository\org\jboss\logging\jboss-logging\3.5.0.Final\jboss-logging-3.5.0.Final.jar;C:\Users\diego\.m2\repository\org\hibernate\common\hibernate-commons-annotations\7.0.3.Final\hibernate-commons-annotations-7.0.3.Final.jar;C:\Users\diego\.m2\repository\io\smallrye\jandex\3.2.0\jandex-3.2.0.jar;C:\Users\diego\.m2\repository\com\fasterxml\classmate\1.5.1\classmate-1.5.1.jar;C:\Users\diego\.m2\repository\net\bytebuddy\byte-buddy\1.14.18\byte-buddy-1.14.18.jar;C:\Users\diego\.m2\repository\jakarta\xml\bind\jakarta.xml.bind-api\4.0.0\jakarta.xml.bind-api-4.0.0.jar;C:\Users\diego\.m2\repository\jakarta\activation\jakarta.activation-api\2.1.0\jakarta.activation-api-2.1.0.jar;C:\Users\diego\.m2\repository\org\glassfish\jaxb\jaxb-runtime\4.0.2\jaxb-runtime-4.0.2.jar;C:\Users\diego\.m2\repository\org\glassfish\jaxb\jaxb-core\4.0.2\jaxb-core-4.0.2.jar;C:\Users\diego\.m2\repository\org\eclipse\angus\angus-activation\2.0.0\angus-activation-2.0.0.jar;C:\Users\diego\.m2\repository\org\glassfish\jaxb\txw2\4.0.2\txw2-4.0.2.jar;C:\Users\diego\.m2\repository\com\sun\istack\istack-commons-runtime\4.1.1\istack-commons-runtime-4.1.1.jar;C:\Users\diego\.m2\repository\jakarta\inject\jakarta.inject-api\2.0.1\jakarta.inject-api-2.0.1.jar;C:\Users\diego\.m2\repository\org\antlr\antlr4-runtime\4.13.0\antlr4-runtime-4.13.0.jar;C:\Users\diego\.m2\repository\jakarta\persistence\jakarta.persistence-api\3.1.0\jakarta.persistence-api-3.1.0.jar;C:\Users\diego\.m2\repository\org\apache\logging\log4j\log4j-core\2.17.2\log4j-core-2.17.2.jar;C:\Users\diego\.m2\repository\com\mysql\mysql-connector-j\9.1.0\mysql-connector-j-9.1.0.jar;C:\Users\diego\.m2\repository\com\google\protobuf\protobuf-java\4.26.1\protobuf-java-4.26.1.jar;C:\Users\diego\.m2\repository\org\apache\logging\log4j\log4j-api\2.17.2\log4j-api-2.17.2.jar;C:\Users\diego\.m2\repository\com\fasterxml\jackson\core\jackson-databind\2.18.3\jackson-databind-2.18.3.jar;C:\Users\diego\.m2\repository\com\fasterxml\jackson\core\jackson-annotations\2.18.3\jackson-annotations-2.18.3.jar;C:\Users\diego\.m2\repository\com\fasterxml\jackson\core\jackson-core\2.18.3\jackson-core-2.18.3.jar;"/>
    <property name="sun.cpu.endian" value="little"/>
    <property name="user.home" value="C:\Users\diego"/>
    <property name="user.language" value="es"/>
    <property name="java.specification.vendor" value="Oracle Corporation"/>
    <property name="java.version.date" value="2024-10-15"/>
    <property name="java.home" value="C:\Users\diego\.p2\pool\plugins\org.eclipse.justj.openjdk.hotspot.jre.full.win32.x86_64_23.0.1.v20241024-1700\jre"/>
    <property name="file.separator" value="\"/>
    <property name="basedir" value="C:\Users\diego\git\Examen2EvalAD"/>
    <property name="style.color" value="always"/>
    <property name="java.vm.compressedOopsMode" value="Zero based"/>
    <property name="line.separator" value="&#10;"/>
    <property name="java.vm.specification.vendor" value="Oracle Corporation"/>
    <property name="java.specification.name" value="Java Platform API Specification"/>
    <property name="surefire.real.class.path" value="C:\Users\diego\AppData\Local\Temp\surefire16923083744609565180\surefirebooter-20250310223452284_3.jar"/>
    <property name="user.script" value=""/>
    <property name="sun.management.compiler" value="HotSpot 64-Bit Tiered Compilers"/>
    <property name="java.runtime.version" value="23.0.1+11"/>
    <property name="user.name" value="diego"/>
    <property name="stdout.encoding" value="Cp1252"/>
    <property name="path.separator" value=";"/>
    <property name="os.version" value="10.0"/>
    <property name="java.runtime.name" value="OpenJDK Runtime Environment"/>
    <property name="file.encoding" value="UTF-8"/>
    <property name="java.vm.name" value="OpenJDK 64-Bit Server VM"/>
    <property name="java.vendor.version" value="Temurin-23.0.1+11"/>
    <property name="localRepository" value="C:\Users\diego\.m2\repository"/>
    <property name="java.vendor.url.bug" value="https://github.com/adoptium/adoptium-support/issues"/>
    <property name="java.io.tmpdir" value="C:\Users\diego\AppData\Local\Temp\"/>
    <property name="java.version" value="23.0.1"/>
    <property name="user.dir" value="C:\Users\diego\git\Examen2EvalAD"/>
    <property name="os.arch" value="amd64"/>
    <property name="java.vm.specification.name" value="Java Virtual Machine Specification"/>
    <property name="sun.os.patch.level" value=""/>
    <property name="native.encoding" value="Cp1252"/>
    <property name="java.library.path" value="C:\Users\diego\.p2\pool\plugins\org.eclipse.justj.openjdk.hotspot.jre.full.win32.x86_64_23.0.1.v20241024-1700\jre\bin;C:\Windows\Sun\Java\bin;C:\Windows\system32;C:\Windows;C:/Users/diego/.p2/pool/plugins/org.eclipse.justj.openjdk.hotspot.jre.full.win32.x86_64_23.0.1.v20241024-1700/jre/bin/server;C:/Users/diego/.p2/pool/plugins/org.eclipse.justj.openjdk.hotspot.jre.full.win32.x86_64_23.0.1.v20241024-1700/jre/bin;C:\oracleEX\dbhomeXE\bin;C:\Program Files\Common Files\Oracle\Java\javapath;C:\Windows\system32;C:\Windows;C:\Windows\System32\Wbem;C:\Windows\System32\WindowsPowerShell\v1.0\;C:\Windows\System32\OpenSSH\;C:\Program Files\NVIDIA Corporation\NVIDIA app\NvDLISR;C:\Program Files (x86)\NVIDIA Corporation\PhysX\Common;C:\Program Files\MySQL\MySQL Shell 8.0\bin\;C:\Users\diego\AppData\Local\Microsoft\WindowsApps;C:\Users\diego\AppData\Local\Programs\Microsoft VS Code\bin;C:\Program Files\MongoDB\Server\8.0\bin;C:\Program Files\MongoDB\mongosh-2.3.9-win32-x64\bin;;C:\Windows\system32;;."/>
    <property name="java.vm.info" value="mixed mode, sharing"/>
    <property name="stderr.encoding" value="Cp1252"/>
    <property name="java.vendor" value="Eclipse Adoptium"/>
    <property name="java.vm.version" value="23.0.1+11"/>
    <property name="sun.io.unicode.encoding" value="UnicodeLittle"/>
    <property name="java.class.version" value="67.0"/>
  </properties>
  <testcase name="testNumeroPreguntasDelExamen" classname="edu.examen.marzo2025.persistencia.test.DaoTest" time="3.645">
    <system-out><![CDATA[2025-03-10 22:34:53 [main] INFO  org.hibernate.Version - HHH000412: Hibernate ORM core version 6.6.4.Final
2025-03-10 22:34:53 [main] INFO  org.hibernate.cache.internal.RegionFactoryInitiator - HHH000026: Second-level cache disabled
2025-03-10 22:34:53 [main] WARN  org.hibernate.orm.connections.pooling - HHH10001002: Using built-in connection pool (not intended for production use)
2025-03-10 22:34:54 [main] WARN  org.hibernate.orm.deprecation - HHH90000025: MySQLDialect does not need to be specified explicitly using 'hibernate.dialect' (remove the property setting and it will be selected by default)
2025-03-10 22:34:54 [main] INFO  org.hibernate.orm.connections.pooling - HHH10001005: Database info:
	Database JDBC URL [jdbc:mysql://localhost:3306/Examen2]
	Database driver: com.mysql.cj.jdbc.Driver
	Database version: 8.0.40
	Autocommit mode: false
	Isolation level: undefined/unknown
	Minimum pool size: 1
	Maximum pool size: 20
2025-03-10 22:34:55 [main] INFO  org.hibernate.engine.transaction.jta.platform.internal.JtaPlatformInitiator - HHH000489: No JTA platform available (set 'hibernate.transaction.jta.platform' to enable JTA platform integration)
2025-03-10 22:34:55 [main] INFO  org.hibernate.orm.connections.access - HHH10001501: Connection obtained from JdbcConnectionAccess [org.hibernate.engine.jdbc.env.internal.JdbcEnvironmentInitiator$ConnectionProviderJdbcConnectionAccess@5604b85] for (non-JTA) DDL execution was not in auto-commit mode; the Connection 'local transaction' will be committed and the Connection will be set into auto-commit mode.
Hibernate: 
    create table examen (
        id integer not null auto_increment,
        curso integer not null,
        fecha date not null,
        grupo varchar(10),
        primary key (id)
    ) engine=InnoDB
Hibernate: 
    create table preguntaDeExamen (
        id integer not null auto_increment,
        posicion integer not null,
        id_examen integer not null,
        id_pregunta integer not null,
        primary key (id)
    ) engine=InnoDB
Hibernate: 
    create table preguntas (
        id integer not null auto_increment,
        nombre varchar(50) not null,
        num_opciones integer,
        respuesta_correcta integer,
        primary key (id)
    ) engine=InnoDB
Hibernate: 
    alter table preguntas 
       drop index UK8odtj1glshy1vbutrekcgcimq
Hibernate: 
    alter table preguntas 
       add constraint UK8odtj1glshy1vbutrekcgcimq unique (nombre)
Hibernate: 
    alter table preguntaDeExamen 
       add constraint FK7hfluwdbktjdxdncmjw1oblm1 
       foreign key (id_examen) 
       references examen (id)
Hibernate: 
    alter table preguntaDeExamen 
       add constraint FK4yh9o7h6h3fcca626b810lt7u 
       foreign key (id_pregunta) 
       references preguntas (id)
Hibernate: 
    insert 
    into
        examen
        (curso, fecha, grupo) 
    values
        (?, ?, ?)
2025-03-10 22:34:56 [main] INFO  edu.examen.marzo2025.persistencia.ExamenesDAOImpl - Se ha añadido un examen con éxito.
2025-03-10 22:34:56 [main] INFO  edu.examen.marzo2025.persistencia.ExamenesDAOImpl - Exámenes recuperados con éxito.
Hibernate: 
    select
        e1_0.id,
        e1_0.curso,
        e1_0.fecha,
        e1_0.grupo 
    from
        examen e1_0
Hibernate: 
    insert 
    into
        preguntas
        (nombre, num_opciones, respuesta_correcta) 
    values
        (?, ?, ?)
2025-03-10 22:34:56 [main] INFO  edu.examen.marzo2025.persistencia.ExamenesDAOImpl - Se ha añadido una pregunta con éxito.
2025-03-10 22:34:56 [main] INFO  edu.examen.marzo2025.persistencia.ExamenesDAOImpl - Preguntas recuperados con éxito.
Hibernate: 
    select
        p1_0.id,
        p1_0.nombre,
        p1_0.num_opciones,
        p1_0.respuesta_correcta 
    from
        preguntas p1_0
Hibernate: 
    select
        e1_0.id,
        e1_0.curso,
        e1_0.fecha,
        e1_0.grupo 
    from
        examen e1_0 
    where
        e1_0.id=?
Hibernate: 
    select
        p1_0.id,
        p1_0.nombre,
        p1_0.num_opciones,
        p1_0.respuesta_correcta 
    from
        preguntas p1_0 
    where
        p1_0.id=?
Hibernate: 
    select
        coalesce(max(pde1_0.posicion), 0) 
    from
        preguntaDeExamen pde1_0 
    where
        pde1_0.id_examen=?
Hibernate: 
    insert 
    into
        preguntaDeExamen
        (id_examen, posicion, id_pregunta) 
    values
        (?, ?, ?)
2025-03-10 22:34:56 [main] INFO  edu.examen.marzo2025.persistencia.ExamenesDAOImpl - Se ha añadido una pregunta a un examen con éxito.
Hibernate: 
    select
        count(pde1_0.id) 
    from
        preguntaDeExamen pde1_0 
    where
        pde1_0.id_examen=?
2025-03-10 22:34:56 [main] INFO  edu.examen.marzo2025.persistencia.ExamenesDAOImpl - Se han recuperado el numero de preguntascon éxito. Un total de: 1
Hibernate: 
    select
        p1_0.id,
        p1_0.nombre,
        p1_0.num_opciones,
        p1_0.respuesta_correcta 
    from
        preguntas p1_0 
    where
        p1_0.id=?
Hibernate: 
    select
        pde1_0.id_pregunta,
        pde1_0.id,
        pde1_0.id_examen,
        e1_0.id,
        e1_0.curso,
        e1_0.fecha,
        e1_0.grupo,
        pde1_0.posicion 
    from
        preguntaDeExamen pde1_0 
    left join
        examen e1_0 
            on e1_0.id=pde1_0.id_examen 
    where
        pde1_0.id_pregunta=?
Hibernate: 
    delete 
    from
        preguntaDeExamen 
    where
        id=?
Hibernate: 
    delete 
    from
        preguntas 
    where
        id=?
Hibernate: 
    select
        e1_0.id,
        e1_0.curso,
        e1_0.fecha,
        e1_0.grupo 
    from
        examen e1_0 
    where
        e1_0.id=?
Hibernate: 
    select
        pde1_0.id_examen,
        pde1_0.id,
        pde1_0.posicion,
        pde1_0.id_pregunta,
        p1_0.id,
        p1_0.nombre,
        p1_0.num_opciones,
        p1_0.respuesta_correcta 
    from
        preguntaDeExamen pde1_0 
    left join
        preguntas p1_0 
            on p1_0.id=pde1_0.id_pregunta 
    where
        pde1_0.id_examen=?
Hibernate: 
    delete 
    from
        examen 
    where
        id=?
]]></system-out>
  </testcase>
  <testcase name="testCorrecto" classname="edu.examen.marzo2025.persistencia.test.DaoTest" time="0.0"/>
  <testcase name="testRecuperarExamenes" classname="edu.examen.marzo2025.persistencia.test.DaoTest" time="0.001">
    <system-out><![CDATA[2025-03-10 22:34:56 [main] INFO  edu.examen.marzo2025.persistencia.ExamenesDAOImpl - Exámenes recuperados con éxito.
Hibernate: 
    select
        e1_0.id,
        e1_0.curso,
        e1_0.fecha,
        e1_0.grupo 
    from
        examen e1_0
]]></system-out>
  </testcase>
</testsuite>